03-Apr-2020 10:55:57.815 INFO [main] org.apache.catalina.startup.VersionLoggerListener.log Server version name:   Apache Tomcat/8.5.53
03-Apr-2020 10:55:57.820 INFO [main] org.apache.catalina.startup.VersionLoggerListener.log Server built:          Mar 11 2020 10:01:39 UTC
03-Apr-2020 10:55:57.820 INFO [main] org.apache.catalina.startup.VersionLoggerListener.log Server version number: 8.5.53.0
03-Apr-2020 10:55:57.821 INFO [main] org.apache.catalina.startup.VersionLoggerListener.log OS Name:               Mac OS X
03-Apr-2020 10:55:57.821 INFO [main] org.apache.catalina.startup.VersionLoggerListener.log OS Version:            10.15.4
03-Apr-2020 10:55:57.821 INFO [main] org.apache.catalina.startup.VersionLoggerListener.log Architecture:          x86_64
03-Apr-2020 10:55:57.821 INFO [main] org.apache.catalina.startup.VersionLoggerListener.log Java Home:             /Library/Java/JavaVirtualMachines/jdk1.8.0_241.jdk/Contents/Home/jre
03-Apr-2020 10:55:57.821 INFO [main] org.apache.catalina.startup.VersionLoggerListener.log JVM Version:           1.8.0_241-b07
03-Apr-2020 10:55:57.821 INFO [main] org.apache.catalina.startup.VersionLoggerListener.log JVM Vendor:            Oracle Corporation
03-Apr-2020 10:55:57.821 INFO [main] org.apache.catalina.startup.VersionLoggerListener.log CATALINA_BASE:         /Users/tranvanthuan/Desktop/Tools/apache-tomcat-8.5.53
03-Apr-2020 10:55:57.821 INFO [main] org.apache.catalina.startup.VersionLoggerListener.log CATALINA_HOME:         /Users/tranvanthuan/Desktop/Tools/apache-tomcat-8.5.53
03-Apr-2020 10:55:57.822 INFO [main] org.apache.catalina.startup.VersionLoggerListener.log Command line argument: -Djava.util.logging.config.file=/Users/tranvanthuan/Desktop/Tools/apache-tomcat-8.5.53/conf/logging.properties
03-Apr-2020 10:55:57.822 INFO [main] org.apache.catalina.startup.VersionLoggerListener.log Command line argument: -Djava.util.logging.manager=org.apache.juli.ClassLoaderLogManager
03-Apr-2020 10:55:57.822 INFO [main] org.apache.catalina.startup.VersionLoggerListener.log Command line argument: -Djdk.tls.ephemeralDHKeySize=2048
03-Apr-2020 10:55:57.822 INFO [main] org.apache.catalina.startup.VersionLoggerListener.log Command line argument: -Djava.protocol.handler.pkgs=org.apache.catalina.webresources
03-Apr-2020 10:55:57.822 INFO [main] org.apache.catalina.startup.VersionLoggerListener.log Command line argument: -Dorg.apache.catalina.security.SecurityListener.UMASK=0027
03-Apr-2020 10:55:57.823 INFO [main] org.apache.catalina.startup.VersionLoggerListener.log Command line argument: -Dignore.endorsed.dirs=
03-Apr-2020 10:55:57.823 INFO [main] org.apache.catalina.startup.VersionLoggerListener.log Command line argument: -Dcatalina.base=/Users/tranvanthuan/Desktop/Tools/apache-tomcat-8.5.53
03-Apr-2020 10:55:57.823 INFO [main] org.apache.catalina.startup.VersionLoggerListener.log Command line argument: -Dcatalina.home=/Users/tranvanthuan/Desktop/Tools/apache-tomcat-8.5.53
03-Apr-2020 10:55:57.823 INFO [main] org.apache.catalina.startup.VersionLoggerListener.log Command line argument: -Djava.io.tmpdir=/Users/tranvanthuan/Desktop/Tools/apache-tomcat-8.5.53/temp
03-Apr-2020 10:55:57.823 INFO [main] org.apache.catalina.core.AprLifecycleListener.lifecycleEvent The APR based Apache Tomcat Native library which allows optimal performance in production environments was not found on the java.library.path: [/Users/tranvanthuan/Library/Java/Extensions:/Library/Java/Extensions:/Network/Library/Java/Extensions:/System/Library/Java/Extensions:/usr/lib/java:.]
03-Apr-2020 10:55:58.042 INFO [main] org.apache.coyote.AbstractProtocol.init Initializing ProtocolHandler ["http-nio-8080"]
03-Apr-2020 10:55:58.066 INFO [main] org.apache.tomcat.util.net.NioSelectorPool.getSharedSelector Using a shared selector for servlet write/read
03-Apr-2020 10:55:58.087 INFO [main] org.apache.catalina.startup.Catalina.load Initialization processed in 797 ms
03-Apr-2020 10:55:58.120 INFO [main] org.apache.catalina.core.StandardService.startInternal Starting service [Catalina]
03-Apr-2020 10:55:58.121 INFO [main] org.apache.catalina.core.StandardEngine.startInternal Starting Servlet Engine: Apache Tomcat/8.5.53
03-Apr-2020 10:55:58.131 INFO [localhost-startStop-1] org.apache.catalina.startup.HostConfig.deployDirectory Deploying web application directory [/Users/tranvanthuan/Desktop/Tools/apache-tomcat-8.5.53/webapps/docs]
03-Apr-2020 10:55:58.408 INFO [localhost-startStop-1] org.apache.catalina.startup.HostConfig.deployDirectory Deployment of web application directory [/Users/tranvanthuan/Desktop/Tools/apache-tomcat-8.5.53/webapps/docs] has finished in [277] ms
03-Apr-2020 10:55:58.408 INFO [localhost-startStop-1] org.apache.catalina.startup.HostConfig.deployDirectory Deploying web application directory [/Users/tranvanthuan/Desktop/Tools/apache-tomcat-8.5.53/webapps/manager]
03-Apr-2020 10:55:58.448 INFO [localhost-startStop-1] org.apache.catalina.startup.HostConfig.deployDirectory Deployment of web application directory [/Users/tranvanthuan/Desktop/Tools/apache-tomcat-8.5.53/webapps/manager] has finished in [40] ms
03-Apr-2020 10:55:58.448 INFO [localhost-startStop-1] org.apache.catalina.startup.HostConfig.deployDirectory Deploying web application directory [/Users/tranvanthuan/Desktop/Tools/apache-tomcat-8.5.53/webapps/examples]
03-Apr-2020 10:55:58.762 INFO [localhost-startStop-1] org.apache.catalina.startup.HostConfig.deployDirectory Deployment of web application directory [/Users/tranvanthuan/Desktop/Tools/apache-tomcat-8.5.53/webapps/examples] has finished in [314] ms
03-Apr-2020 10:55:58.763 INFO [localhost-startStop-1] org.apache.catalina.startup.HostConfig.deployDirectory Deploying web application directory [/Users/tranvanthuan/Desktop/Tools/apache-tomcat-8.5.53/webapps/ROOT]
03-Apr-2020 10:55:58.779 INFO [localhost-startStop-1] org.apache.catalina.startup.HostConfig.deployDirectory Deployment of web application directory [/Users/tranvanthuan/Desktop/Tools/apache-tomcat-8.5.53/webapps/ROOT] has finished in [16] ms
03-Apr-2020 10:55:58.780 INFO [localhost-startStop-1] org.apache.catalina.startup.HostConfig.deployDirectory Deploying web application directory [/Users/tranvanthuan/Desktop/Tools/apache-tomcat-8.5.53/webapps/host-manager]
03-Apr-2020 10:55:58.798 INFO [localhost-startStop-1] org.apache.catalina.startup.HostConfig.deployDirectory Deployment of web application directory [/Users/tranvanthuan/Desktop/Tools/apache-tomcat-8.5.53/webapps/host-manager] has finished in [18] ms
03-Apr-2020 10:55:58.803 INFO [main] org.apache.coyote.AbstractProtocol.start Starting ProtocolHandler ["http-nio-8080"]
03-Apr-2020 10:55:58.809 INFO [main] org.apache.catalina.startup.Catalina.start Server startup in 721 ms
10-Apr-2020 09:00:07.642 INFO [main] org.apache.catalina.startup.VersionLoggerListener.log Server version name:   Apache Tomcat/8.5.53
10-Apr-2020 09:00:07.647 INFO [main] org.apache.catalina.startup.VersionLoggerListener.log Server built:          Mar 11 2020 10:01:39 UTC
10-Apr-2020 09:00:07.647 INFO [main] org.apache.catalina.startup.VersionLoggerListener.log Server version number: 8.5.53.0
10-Apr-2020 09:00:07.647 INFO [main] org.apache.catalina.startup.VersionLoggerListener.log OS Name:               Mac OS X
10-Apr-2020 09:00:07.647 INFO [main] org.apache.catalina.startup.VersionLoggerListener.log OS Version:            10.15.4
10-Apr-2020 09:00:07.647 INFO [main] org.apache.catalina.startup.VersionLoggerListener.log Architecture:          x86_64
10-Apr-2020 09:00:07.648 INFO [main] org.apache.catalina.startup.VersionLoggerListener.log Java Home:             /Library/Java/JavaVirtualMachines/jdk1.8.0_241.jdk/Contents/Home/jre
10-Apr-2020 09:00:07.648 INFO [main] org.apache.catalina.startup.VersionLoggerListener.log JVM Version:           1.8.0_241-b07
10-Apr-2020 09:00:07.648 INFO [main] org.apache.catalina.startup.VersionLoggerListener.log JVM Vendor:            Oracle Corporation
10-Apr-2020 09:00:07.648 INFO [main] org.apache.catalina.startup.VersionLoggerListener.log CATALINA_BASE:         /Users/tranvanthuan/Desktop/Tools/apache-tomcat-8.5.53
10-Apr-2020 09:00:07.648 INFO [main] org.apache.catalina.startup.VersionLoggerListener.log CATALINA_HOME:         /Users/tranvanthuan/Desktop/Tools/apache-tomcat-8.5.53
10-Apr-2020 09:00:07.648 INFO [main] org.apache.catalina.startup.VersionLoggerListener.log Command line argument: -Djava.util.logging.config.file=/Users/tranvanthuan/Desktop/Tools/apache-tomcat-8.5.53/conf/logging.properties
10-Apr-2020 09:00:07.649 INFO [main] org.apache.catalina.startup.VersionLoggerListener.log Command line argument: -Djava.util.logging.manager=org.apache.juli.ClassLoaderLogManager
10-Apr-2020 09:00:07.649 INFO [main] org.apache.catalina.startup.VersionLoggerListener.log Command line argument: -Djdk.tls.ephemeralDHKeySize=2048
10-Apr-2020 09:00:07.649 INFO [main] org.apache.catalina.startup.VersionLoggerListener.log Command line argument: -Djava.protocol.handler.pkgs=org.apache.catalina.webresources
10-Apr-2020 09:00:07.649 INFO [main] org.apache.catalina.startup.VersionLoggerListener.log Command line argument: -Dorg.apache.catalina.security.SecurityListener.UMASK=0027
10-Apr-2020 09:00:07.649 INFO [main] org.apache.catalina.startup.VersionLoggerListener.log Command line argument: -Dignore.endorsed.dirs=
10-Apr-2020 09:00:07.650 INFO [main] org.apache.catalina.startup.VersionLoggerListener.log Command line argument: -Dcatalina.base=/Users/tranvanthuan/Desktop/Tools/apache-tomcat-8.5.53
10-Apr-2020 09:00:07.650 INFO [main] org.apache.catalina.startup.VersionLoggerListener.log Command line argument: -Dcatalina.home=/Users/tranvanthuan/Desktop/Tools/apache-tomcat-8.5.53
10-Apr-2020 09:00:07.650 INFO [main] org.apache.catalina.startup.VersionLoggerListener.log Command line argument: -Djava.io.tmpdir=/Users/tranvanthuan/Desktop/Tools/apache-tomcat-8.5.53/temp
10-Apr-2020 09:00:07.650 INFO [main] org.apache.catalina.core.AprLifecycleListener.lifecycleEvent The APR based Apache Tomcat Native library which allows optimal performance in production environments was not found on the java.library.path: [/Users/tranvanthuan/Library/Java/Extensions:/Library/Java/Extensions:/Network/Library/Java/Extensions:/System/Library/Java/Extensions:/usr/lib/java:.]
10-Apr-2020 09:00:07.922 INFO [main] org.apache.coyote.AbstractProtocol.init Initializing ProtocolHandler ["http-nio-8080"]
10-Apr-2020 09:00:07.942 SEVERE [main] org.apache.catalina.core.StandardService.initInternal Failed to initialize connector [Connector[HTTP/1.1-8080]]
	org.apache.catalina.LifecycleException: Protocol handler initialization failed
		at org.apache.catalina.connector.Connector.initInternal(Connector.java:1032)
		at org.apache.catalina.util.LifecycleBase.init(LifecycleBase.java:136)
		at org.apache.catalina.core.StandardService.initInternal(StandardService.java:552)
		at org.apache.catalina.util.LifecycleBase.init(LifecycleBase.java:136)
		at org.apache.catalina.core.StandardServer.initInternal(StandardServer.java:848)
		at org.apache.catalina.util.LifecycleBase.init(LifecycleBase.java:136)
		at org.apache.catalina.startup.Catalina.load(Catalina.java:639)
		at org.apache.catalina.startup.Catalina.load(Catalina.java:662)
		at sun.reflect.NativeMethodAccessorImpl.invoke0(Native Method)
		at sun.reflect.NativeMethodAccessorImpl.invoke(NativeMethodAccessorImpl.java:62)
		at sun.reflect.DelegatingMethodAccessorImpl.invoke(DelegatingMethodAccessorImpl.java:43)
		at java.lang.reflect.Method.invoke(Method.java:498)
		at org.apache.catalina.startup.Bootstrap.load(Bootstrap.java:303)
		at org.apache.catalina.startup.Bootstrap.main(Bootstrap.java:473)
	Caused by: java.net.BindException: Address already in use
		at sun.nio.ch.Net.bind0(Native Method)
		at sun.nio.ch.Net.bind(Net.java:433)
		at sun.nio.ch.Net.bind(Net.java:425)
		at sun.nio.ch.ServerSocketChannelImpl.bind(ServerSocketChannelImpl.java:223)
		at sun.nio.ch.ServerSocketAdaptor.bind(ServerSocketAdaptor.java:74)
		at org.apache.tomcat.util.net.NioEndpoint.bind(NioEndpoint.java:221)
		at org.apache.tomcat.util.net.AbstractEndpoint.init(AbstractEndpoint.java:1118)
		at org.apache.tomcat.util.net.AbstractJsseEndpoint.init(AbstractJsseEndpoint.java:223)
		at org.apache.coyote.AbstractProtocol.init(AbstractProtocol.java:587)
		at org.apache.coyote.http11.AbstractHttp11Protocol.init(AbstractHttp11Protocol.java:74)
		at org.apache.catalina.connector.Connector.initInternal(Connector.java:1030)
		... 13 more
10-Apr-2020 09:00:07.944 INFO [main] org.apache.catalina.startup.Catalina.load Initialization processed in 883 ms
10-Apr-2020 09:00:08.047 INFO [main] org.apache.catalina.core.StandardService.startInternal Starting service [Catalina]
10-Apr-2020 09:00:08.048 INFO [main] org.apache.catalina.core.StandardEngine.startInternal Starting Servlet Engine: Apache Tomcat/8.5.53
10-Apr-2020 09:00:08.075 INFO [localhost-startStop-1] org.apache.catalina.startup.HostConfig.deployDirectory Deploying web application directory [/Users/tranvanthuan/Desktop/Tools/apache-tomcat-8.5.53/webapps/docs]
10-Apr-2020 09:00:08.358 INFO [localhost-startStop-1] org.apache.catalina.startup.HostConfig.deployDirectory Deployment of web application directory [/Users/tranvanthuan/Desktop/Tools/apache-tomcat-8.5.53/webapps/docs] has finished in [283] ms
10-Apr-2020 09:00:08.358 INFO [localhost-startStop-1] org.apache.catalina.startup.HostConfig.deployDirectory Deploying web application directory [/Users/tranvanthuan/Desktop/Tools/apache-tomcat-8.5.53/webapps/manager]
10-Apr-2020 09:00:08.391 INFO [localhost-startStop-1] org.apache.catalina.startup.HostConfig.deployDirectory Deployment of web application directory [/Users/tranvanthuan/Desktop/Tools/apache-tomcat-8.5.53/webapps/manager] has finished in [33] ms
10-Apr-2020 09:00:08.391 INFO [localhost-startStop-1] org.apache.catalina.startup.HostConfig.deployDirectory Deploying web application directory [/Users/tranvanthuan/Desktop/Tools/apache-tomcat-8.5.53/webapps/examples]
10-Apr-2020 09:00:08.702 INFO [localhost-startStop-1] org.apache.catalina.startup.HostConfig.deployDirectory Deployment of web application directory [/Users/tranvanthuan/Desktop/Tools/apache-tomcat-8.5.53/webapps/examples] has finished in [311] ms
10-Apr-2020 09:00:08.715 INFO [localhost-startStop-1] org.apache.catalina.startup.HostConfig.deployDirectory Deploying web application directory [/Users/tranvanthuan/Desktop/Tools/apache-tomcat-8.5.53/webapps/ROOT]
10-Apr-2020 09:00:08.730 INFO [localhost-startStop-1] org.apache.catalina.startup.HostConfig.deployDirectory Deployment of web application directory [/Users/tranvanthuan/Desktop/Tools/apache-tomcat-8.5.53/webapps/ROOT] has finished in [28] ms
10-Apr-2020 09:00:08.731 INFO [localhost-startStop-1] org.apache.catalina.startup.HostConfig.deployDirectory Deploying web application directory [/Users/tranvanthuan/Desktop/Tools/apache-tomcat-8.5.53/webapps/host-manager]
10-Apr-2020 09:00:08.747 INFO [localhost-startStop-1] org.apache.catalina.startup.HostConfig.deployDirectory Deployment of web application directory [/Users/tranvanthuan/Desktop/Tools/apache-tomcat-8.5.53/webapps/host-manager] has finished in [16] ms
10-Apr-2020 09:00:08.749 INFO [main] org.apache.catalina.startup.Catalina.start Server startup in 805 ms
10-Apr-2020 09:00:08.752 SEVERE [main] org.apache.catalina.core.StandardServer.await StandardServer.await: create[localhost:8005]: 
	java.net.BindException: Address already in use (Bind failed)
		at java.net.PlainSocketImpl.socketBind(Native Method)
		at java.net.AbstractPlainSocketImpl.bind(AbstractPlainSocketImpl.java:387)
		at java.net.ServerSocket.bind(ServerSocket.java:375)
		at java.net.ServerSocket.<init>(ServerSocket.java:237)
		at org.apache.catalina.core.StandardServer.await(StandardServer.java:421)
		at org.apache.catalina.startup.Catalina.await(Catalina.java:776)
		at org.apache.catalina.startup.Catalina.start(Catalina.java:722)
		at sun.reflect.NativeMethodAccessorImpl.invoke0(Native Method)
		at sun.reflect.NativeMethodAccessorImpl.invoke(NativeMethodAccessorImpl.java:62)
		at sun.reflect.DelegatingMethodAccessorImpl.invoke(DelegatingMethodAccessorImpl.java:43)
		at java.lang.reflect.Method.invoke(Method.java:498)
		at org.apache.catalina.startup.Bootstrap.start(Bootstrap.java:343)
		at org.apache.catalina.startup.Bootstrap.main(Bootstrap.java:474)
10-Apr-2020 09:00:08.753 INFO [main] org.apache.coyote.AbstractProtocol.pause Pausing ProtocolHandler ["http-nio-8080"]
10-Apr-2020 09:00:08.753 INFO [main] org.apache.catalina.core.StandardService.stopInternal Stopping service [Catalina]
10-Apr-2020 09:00:08.776 INFO [main] org.apache.coyote.AbstractProtocol.stop Stopping ProtocolHandler ["http-nio-8080"]
10-Apr-2020 09:00:08.776 INFO [main] org.apache.coyote.AbstractProtocol.destroy Destroying ProtocolHandler ["http-nio-8080"]
10-Apr-2020 09:00:41.209 INFO [main] org.apache.catalina.core.StandardServer.await A valid shutdown command was received via the shutdown port. Stopping the Server instance.
10-Apr-2020 09:00:41.216 INFO [main] org.apache.coyote.AbstractProtocol.pause Pausing ProtocolHandler ["http-nio-8080"]
10-Apr-2020 09:00:41.238 INFO [main] org.apache.catalina.core.StandardService.stopInternal Stopping service [Catalina]
10-Apr-2020 09:00:41.290 INFO [main] org.apache.coyote.AbstractProtocol.stop Stopping ProtocolHandler ["http-nio-8080"]
10-Apr-2020 09:00:41.292 INFO [main] org.apache.coyote.AbstractProtocol.destroy Destroying ProtocolHandler ["http-nio-8080"]
