03-Apr-2020 10:55:57.815 INFO [main] org.apache.catalina.startup.VersionLoggerListener.log Server version name:   Apache Tomcat/8.5.53
03-Apr-2020 10:55:57.820 INFO [main] org.apache.catalina.startup.VersionLoggerListener.log Server built:          Mar 11 2020 10:01:39 UTC
03-Apr-2020 10:55:57.820 INFO [main] org.apache.catalina.startup.VersionLoggerListener.log Server version number: 8.5.53.0
03-Apr-2020 10:55:57.821 INFO [main] org.apache.catalina.startup.VersionLoggerListener.log OS Name:               Mac OS X
03-Apr-2020 10:55:57.821 INFO [main] org.apache.catalina.startup.VersionLoggerListener.log OS Version:            10.15.4
03-Apr-2020 10:55:57.821 INFO [main] org.apache.catalina.startup.VersionLoggerListener.log Architecture:          x86_64
03-Apr-2020 10:55:57.821 INFO [main] org.apache.catalina.startup.VersionLoggerListener.log Java Home:             /Library/Java/JavaVirtualMachines/jdk1.8.0_241.jdk/Contents/Home/jre
03-Apr-2020 10:55:57.821 INFO [main] org.apache.catalina.startup.VersionLoggerListener.log JVM Version:           1.8.0_241-b07
03-Apr-2020 10:55:57.821 INFO [main] org.apache.catalina.startup.VersionLoggerListener.log JVM Vendor:            Oracle Corporation
03-Apr-2020 10:55:57.821 INFO [main] org.apache.catalina.startup.VersionLoggerListener.log CATALINA_BASE:         /Users/tranvanthuan/Desktop/Tools/apache-tomcat-8.5.53
03-Apr-2020 10:55:57.821 INFO [main] org.apache.catalina.startup.VersionLoggerListener.log CATALINA_HOME:         /Users/tranvanthuan/Desktop/Tools/apache-tomcat-8.5.53
03-Apr-2020 10:55:57.822 INFO [main] org.apache.catalina.startup.VersionLoggerListener.log Command line argument: -Djava.util.logging.config.file=/Users/tranvanthuan/Desktop/Tools/apache-tomcat-8.5.53/conf/logging.properties
03-Apr-2020 10:55:57.822 INFO [main] org.apache.catalina.startup.VersionLoggerListener.log Command line argument: -Djava.util.logging.manager=org.apache.juli.ClassLoaderLogManager
03-Apr-2020 10:55:57.822 INFO [main] org.apache.catalina.startup.VersionLoggerListener.log Command line argument: -Djdk.tls.ephemeralDHKeySize=2048
03-Apr-2020 10:55:57.822 INFO [main] org.apache.catalina.startup.VersionLoggerListener.log Command line argument: -Djava.protocol.handler.pkgs=org.apache.catalina.webresources
03-Apr-2020 10:55:57.822 INFO [main] org.apache.catalina.startup.VersionLoggerListener.log Command line argument: -Dorg.apache.catalina.security.SecurityListener.UMASK=0027
03-Apr-2020 10:55:57.823 INFO [main] org.apache.catalina.startup.VersionLoggerListener.log Command line argument: -Dignore.endorsed.dirs=
03-Apr-2020 10:55:57.823 INFO [main] org.apache.catalina.startup.VersionLoggerListener.log Command line argument: -Dcatalina.base=/Users/tranvanthuan/Desktop/Tools/apache-tomcat-8.5.53
03-Apr-2020 10:55:57.823 INFO [main] org.apache.catalina.startup.VersionLoggerListener.log Command line argument: -Dcatalina.home=/Users/tranvanthuan/Desktop/Tools/apache-tomcat-8.5.53
03-Apr-2020 10:55:57.823 INFO [main] org.apache.catalina.startup.VersionLoggerListener.log Command line argument: -Djava.io.tmpdir=/Users/tranvanthuan/Desktop/Tools/apache-tomcat-8.5.53/temp
03-Apr-2020 10:55:57.823 INFO [main] org.apache.catalina.core.AprLifecycleListener.lifecycleEvent The APR based Apache Tomcat Native library which allows optimal performance in production environments was not found on the java.library.path: [/Users/tranvanthuan/Library/Java/Extensions:/Library/Java/Extensions:/Network/Library/Java/Extensions:/System/Library/Java/Extensions:/usr/lib/java:.]
03-Apr-2020 10:55:58.042 INFO [main] org.apache.coyote.AbstractProtocol.init Initializing ProtocolHandler ["http-nio-8080"]
03-Apr-2020 10:55:58.066 INFO [main] org.apache.tomcat.util.net.NioSelectorPool.getSharedSelector Using a shared selector for servlet write/read
03-Apr-2020 10:55:58.087 INFO [main] org.apache.catalina.startup.Catalina.load Initialization processed in 797 ms
03-Apr-2020 10:55:58.120 INFO [main] org.apache.catalina.core.StandardService.startInternal Starting service [Catalina]
03-Apr-2020 10:55:58.121 INFO [main] org.apache.catalina.core.StandardEngine.startInternal Starting Servlet Engine: Apache Tomcat/8.5.53
03-Apr-2020 10:55:58.131 INFO [localhost-startStop-1] org.apache.catalina.startup.HostConfig.deployDirectory Deploying web application directory [/Users/tranvanthuan/Desktop/Tools/apache-tomcat-8.5.53/webapps/docs]
03-Apr-2020 10:55:58.408 INFO [localhost-startStop-1] org.apache.catalina.startup.HostConfig.deployDirectory Deployment of web application directory [/Users/tranvanthuan/Desktop/Tools/apache-tomcat-8.5.53/webapps/docs] has finished in [277] ms
03-Apr-2020 10:55:58.408 INFO [localhost-startStop-1] org.apache.catalina.startup.HostConfig.deployDirectory Deploying web application directory [/Users/tranvanthuan/Desktop/Tools/apache-tomcat-8.5.53/webapps/manager]
03-Apr-2020 10:55:58.448 INFO [localhost-startStop-1] org.apache.catalina.startup.HostConfig.deployDirectory Deployment of web application directory [/Users/tranvanthuan/Desktop/Tools/apache-tomcat-8.5.53/webapps/manager] has finished in [40] ms
03-Apr-2020 10:55:58.448 INFO [localhost-startStop-1] org.apache.catalina.startup.HostConfig.deployDirectory Deploying web application directory [/Users/tranvanthuan/Desktop/Tools/apache-tomcat-8.5.53/webapps/examples]
03-Apr-2020 10:55:58.762 INFO [localhost-startStop-1] org.apache.catalina.startup.HostConfig.deployDirectory Deployment of web application directory [/Users/tranvanthuan/Desktop/Tools/apache-tomcat-8.5.53/webapps/examples] has finished in [314] ms
03-Apr-2020 10:55:58.763 INFO [localhost-startStop-1] org.apache.catalina.startup.HostConfig.deployDirectory Deploying web application directory [/Users/tranvanthuan/Desktop/Tools/apache-tomcat-8.5.53/webapps/ROOT]
03-Apr-2020 10:55:58.779 INFO [localhost-startStop-1] org.apache.catalina.startup.HostConfig.deployDirectory Deployment of web application directory [/Users/tranvanthuan/Desktop/Tools/apache-tomcat-8.5.53/webapps/ROOT] has finished in [16] ms
03-Apr-2020 10:55:58.780 INFO [localhost-startStop-1] org.apache.catalina.startup.HostConfig.deployDirectory Deploying web application directory [/Users/tranvanthuan/Desktop/Tools/apache-tomcat-8.5.53/webapps/host-manager]
03-Apr-2020 10:55:58.798 INFO [localhost-startStop-1] org.apache.catalina.startup.HostConfig.deployDirectory Deployment of web application directory [/Users/tranvanthuan/Desktop/Tools/apache-tomcat-8.5.53/webapps/host-manager] has finished in [18] ms
03-Apr-2020 10:55:58.803 INFO [main] org.apache.coyote.AbstractProtocol.start Starting ProtocolHandler ["http-nio-8080"]
03-Apr-2020 10:55:58.809 INFO [main] org.apache.catalina.startup.Catalina.start Server startup in 721 ms
